[0509/112833.365:INFO:CONSOLE(59)] "Non unique item: , no title, replaced to _1", source: https://yastatic.net/s3/zen-lib/2.927.1/cached-render-morda-desktop/app-external-react.chromium.ru.bundle.js (59)
[0509/112833.366:INFO:CONSOLE(59)] "Non unique item: , no title, replaced to _2", source: https://yastatic.net/s3/zen-lib/2.927.1/cached-render-morda-desktop/app-external-react.chromium.ru.bundle.js (59)
[0509/112833.366:INFO:CONSOLE(59)] "Non unique item: , no title, replaced to _3", source: https://yastatic.net/s3/zen-lib/2.927.1/cached-render-morda-desktop/app-external-react.chromium.ru.bundle.js (59)
[0509/112833.366:INFO:CONSOLE(59)] "Non unique item: , no title, replaced to _4", source: https://yastatic.net/s3/zen-lib/2.927.1/cached-render-morda-desktop/app-external-react.chromium.ru.bundle.js (59)
[0509/112833.367:INFO:CONSOLE(59)] "Non unique item: , no title, replaced to _5", source: https://yastatic.net/s3/zen-lib/2.927.1/cached-render-morda-desktop/app-external-react.chromium.ru.bundle.js (59)
[0509/112833.367:INFO:CONSOLE(59)] "Non unique item: , no title, replaced to _6", source: https://yastatic.net/s3/zen-lib/2.927.1/cached-render-morda-desktop/app-external-react.chromium.ru.bundle.js (59)
[0509/112833.368:INFO:CONSOLE(59)] "Non unique item: , no title, replaced to _7", source: https://yastatic.net/s3/zen-lib/2.927.1/cached-render-morda-desktop/app-external-react.chromium.ru.bundle.js (59)
[0509/112833.368:INFO:CONSOLE(59)] "Non unique item: , no title, replaced to _8", source: https://yastatic.net/s3/zen-lib/2.927.1/cached-render-morda-desktop/app-external-react.chromium.ru.bundle.js (59)
[0509/112833.369:INFO:CONSOLE(59)] "Non unique item: , no title, replaced to _9", source: https://yastatic.net/s3/zen-lib/2.927.1/cached-render-morda-desktop/app-external-react.chromium.ru.bundle.js (59)
[0509/112833.369:INFO:CONSOLE(59)] "Non unique item: , no title, replaced to _10", source: https://yastatic.net/s3/zen-lib/2.927.1/cached-render-morda-desktop/app-external-react.chromium.ru.bundle.js (59)
[0509/112833.369:INFO:CONSOLE(59)] "Non unique item: , no title, replaced to _11", source: https://yastatic.net/s3/zen-lib/2.927.1/cached-render-morda-desktop/app-external-react.chromium.ru.bundle.js (59)
[0509/112833.369:INFO:CONSOLE(59)] "Non unique item: , no title, replaced to _12", source: https://yastatic.net/s3/zen-lib/2.927.1/cached-render-morda-desktop/app-external-react.chromium.ru.bundle.js (59)
[0509/130853.146:INFO:CONSOLE(59)] "Non unique item: , no title, replaced to _1", source: https://yastatic.net/s3/zen-lib/2.927.1/cached-render-morda-desktop/app-external-react.chromium.ru.bundle.js (59)
[0509/130853.146:INFO:CONSOLE(59)] "Non unique item: , no title, replaced to _2", source: https://yastatic.net/s3/zen-lib/2.927.1/cached-render-morda-desktop/app-external-react.chromium.ru.bundle.js (59)
[0509/130853.147:INFO:CONSOLE(59)] "Non unique item: , no title, replaced to _3", source: https://yastatic.net/s3/zen-lib/2.927.1/cached-render-morda-desktop/app-external-react.chromium.ru.bundle.js (59)
[0509/130853.147:INFO:CONSOLE(59)] "Non unique item: , no title, replaced to _4", source: https://yastatic.net/s3/zen-lib/2.927.1/cached-render-morda-desktop/app-external-react.chromium.ru.bundle.js (59)
[0509/130853.147:INFO:CONSOLE(59)] "Non unique item: , no title, replaced to _5", source: https://yastatic.net/s3/zen-lib/2.927.1/cached-render-morda-desktop/app-external-react.chromium.ru.bundle.js (59)
[0509/130853.147:INFO:CONSOLE(59)] "Non unique item: , no title, replaced to _6", source: https://yastatic.net/s3/zen-lib/2.927.1/cached-render-morda-desktop/app-external-react.chromium.ru.bundle.js (59)
[0509/130853.147:INFO:CONSOLE(59)] "Non unique item: , no title, replaced to _7", source: https://yastatic.net/s3/zen-lib/2.927.1/cached-render-morda-desktop/app-external-react.chromium.ru.bundle.js (59)
[0509/130853.148:INFO:CONSOLE(59)] "Non unique item: , no title, replaced to _8", source: https://yastatic.net/s3/zen-lib/2.927.1/cached-render-morda-desktop/app-external-react.chromium.ru.bundle.js (59)
[0509/130853.148:INFO:CONSOLE(59)] "Non unique item: , no title, replaced to _9", source: https://yastatic.net/s3/zen-lib/2.927.1/cached-render-morda-desktop/app-external-react.chromium.ru.bundle.js (59)
[0509/130853.148:INFO:CONSOLE(59)] "Non unique item: , no title, replaced to _10", source: https://yastatic.net/s3/zen-lib/2.927.1/cached-render-morda-desktop/app-external-react.chromium.ru.bundle.js (59)
[0509/130853.149:INFO:CONSOLE(59)] "Non unique item: , no title, replaced to _11", source: https://yastatic.net/s3/zen-lib/2.927.1/cached-render-morda-desktop/app-external-react.chromium.ru.bundle.js (59)
[0509/142846.902:INFO:CONSOLE(59)] "Non unique item: , no title, replaced to _1", source: https://yastatic.net/s3/zen-lib/2.927.1/cached-render-morda-desktop/app-external-react.chromium.ru.bundle.js (59)
[0509/142846.902:INFO:CONSOLE(59)] "Non unique item: , no title, replaced to _2", source: https://yastatic.net/s3/zen-lib/2.927.1/cached-render-morda-desktop/app-external-react.chromium.ru.bundle.js (59)
[0509/142846.903:INFO:CONSOLE(59)] "Non unique item: , no title, replaced to _3", source: https://yastatic.net/s3/zen-lib/2.927.1/cached-render-morda-desktop/app-external-react.chromium.ru.bundle.js (59)
[0509/142846.903:INFO:CONSOLE(59)] "Non unique item: , no title, replaced to _4", source: https://yastatic.net/s3/zen-lib/2.927.1/cached-render-morda-desktop/app-external-react.chromium.ru.bundle.js (59)
[0509/142846.903:INFO:CONSOLE(59)] "Non unique item: , no title, replaced to _5", source: https://yastatic.net/s3/zen-lib/2.927.1/cached-render-morda-desktop/app-external-react.chromium.ru.bundle.js (59)
[0509/142846.903:INFO:CONSOLE(59)] "Non unique item: , no title, replaced to _6", source: https://yastatic.net/s3/zen-lib/2.927.1/cached-render-morda-desktop/app-external-react.chromium.ru.bundle.js (59)
[0509/142846.904:INFO:CONSOLE(59)] "Non unique item: , no title, replaced to _7", source: https://yastatic.net/s3/zen-lib/2.927.1/cached-render-morda-desktop/app-external-react.chromium.ru.bundle.js (59)
[0509/142846.904:INFO:CONSOLE(59)] "Non unique item: , no title, replaced to _8", source: https://yastatic.net/s3/zen-lib/2.927.1/cached-render-morda-desktop/app-external-react.chromium.ru.bundle.js (59)
[0509/142846.904:INFO:CONSOLE(59)] "Non unique item: , no title, replaced to _9", source: https://yastatic.net/s3/zen-lib/2.927.1/cached-render-morda-desktop/app-external-react.chromium.ru.bundle.js (59)
[0509/142846.904:INFO:CONSOLE(59)] "Non unique item: , no title, replaced to _10", source: https://yastatic.net/s3/zen-lib/2.927.1/cached-render-morda-desktop/app-external-react.chromium.ru.bundle.js (59)
[0509/142846.904:INFO:CONSOLE(59)] "Non unique item: , no title, replaced to _11", source: https://yastatic.net/s3/zen-lib/2.927.1/cached-render-morda-desktop/app-external-react.chromium.ru.bundle.js (59)
[0509/142912.400:INFO:CONSOLE(31)] "Uncaught (in promise) NotSupportedError: The element has no supported sources.", source: https://static.pulse.mail.ru/pulse-lenta-1.119.0.js (31)
[0509/142912.502:INFO:CONSOLE(31)] "Uncaught (in promise) NotSupportedError: The element has no supported sources.", source: https://static.pulse.mail.ru/pulse-lenta-1.119.0.js (31)
[0509/142912.687:INFO:CONSOLE(1)] "Uncaught (in promise) NotSupportedError: Failed to load because no supported source was found.", source: https://static.pulse.mail.ru/pulse-lenta-1.119.0.js (1)
[0509/142912.997:INFO:CONSOLE(31)] "Uncaught (in promise) NotSupportedError: The element has no supported sources.", source: https://static.pulse.mail.ru/pulse-lenta-1.119.0.js (31)
[0509/142913.079:INFO:CONSOLE(31)] "Uncaught (in promise) NotSupportedError: The element has no supported sources.", source: https://static.pulse.mail.ru/pulse-lenta-1.119.0.js (31)
[0509/142913.159:INFO:CONSOLE(31)] "Uncaught (in promise) NotSupportedError: The element has no supported sources.", source: https://static.pulse.mail.ru/pulse-lenta-1.119.0.js (31)
[0509/142913.231:INFO:CONSOLE(31)] "Uncaught (in promise) NotSupportedError: The element has no supported sources.", source: https://static.pulse.mail.ru/pulse-lenta-1.119.0.js (31)
[0509/142913.309:INFO:CONSOLE(31)] "Uncaught (in promise) NotSupportedError: The element has no supported sources.", source: https://static.pulse.mail.ru/pulse-lenta-1.119.0.js (31)
[0509/142913.393:INFO:CONSOLE(31)] "Uncaught (in promise) NotSupportedError: The element has no supported sources.", source: https://static.pulse.mail.ru/pulse-lenta-1.119.0.js (31)
[0509/142913.542:INFO:CONSOLE(31)] "Uncaught (in promise) NotSupportedError: The element has no supported sources.", source: https://static.pulse.mail.ru/pulse-lenta-1.119.0.js (31)
[0509/142913.544:INFO:CONSOLE(1)] "Uncaught (in promise) NotSupportedError: Failed to load because no supported source was found.", source: https://static.pulse.mail.ru/pulse-lenta-1.119.0.js (1)
[0509/142913.626:INFO:CONSOLE(31)] "Uncaught (in promise) NotSupportedError: The element has no supported sources.", source: https://static.pulse.mail.ru/pulse-lenta-1.119.0.js (31)
[0509/142913.696:INFO:CONSOLE(31)] "Uncaught (in promise) NotSupportedError: The element has no supported sources.", source: https://static.pulse.mail.ru/pulse-lenta-1.119.0.js (31)
[0509/142913.795:INFO:CONSOLE(31)] "Uncaught (in promise) NotSupportedError: The element has no supported sources.", source: https://static.pulse.mail.ru/pulse-lenta-1.119.0.js (31)
[0509/142913.888:INFO:CONSOLE(31)] "Uncaught (in promise) NotSupportedError: The element has no supported sources.", source: https://static.pulse.mail.ru/pulse-lenta-1.119.0.js (31)
[0509/142913.992:INFO:CONSOLE(31)] "Uncaught (in promise) NotSupportedError: The element has no supported sources.", source: https://static.pulse.mail.ru/pulse-lenta-1.119.0.js (31)
[0509/142914.074:INFO:CONSOLE(31)] "Uncaught (in promise) NotSupportedError: The element has no supported sources.", source: https://static.pulse.mail.ru/pulse-lenta-1.119.0.js (31)
[0509/142914.161:INFO:CONSOLE(31)] "Uncaught (in promise) NotSupportedError: The element has no supported sources.", source: https://static.pulse.mail.ru/pulse-lenta-1.119.0.js (31)
[0509/142914.333:INFO:CONSOLE(31)] "Uncaught (in promise) NotSupportedError: The element has no supported sources.", source: https://static.pulse.mail.ru/pulse-lenta-1.119.0.js (31)
[0509/142914.434:INFO:CONSOLE(31)] "Uncaught (in promise) NotSupportedError: The element has no supported sources.", source: https://static.pulse.mail.ru/pulse-lenta-1.119.0.js (31)
[0509/142914.558:INFO:CONSOLE(1)] "Uncaught (in promise) NotSupportedError: Failed to load because no supported source was found.", source: https://static.pulse.mail.ru/pulse-lenta-1.119.0.js (1)
[0509/142914.660:INFO:CONSOLE(31)] "Uncaught (in promise) NotSupportedError: The element has no supported sources.", source: https://static.pulse.mail.ru/pulse-lenta-1.119.0.js (31)
[0509/142914.733:INFO:CONSOLE(31)] "Uncaught (in promise) NotSupportedError: The element has no supported sources.", source: https://static.pulse.mail.ru/pulse-lenta-1.119.0.js (31)
[0509/142914.841:INFO:CONSOLE(31)] "Uncaught (in promise) NotSupportedError: The element has no supported sources.", source: https://static.pulse.mail.ru/pulse-lenta-1.119.0.js (31)
[0509/142914.918:INFO:CONSOLE(31)] "Uncaught (in promise) NotSupportedError: The element has no supported sources.", source: https://static.pulse.mail.ru/pulse-lenta-1.119.0.js (31)
[0509/142915.096:INFO:CONSOLE(31)] "Uncaught (in promise) NotSupportedError: The element has no supported sources.", source: https://static.pulse.mail.ru/pulse-lenta-1.119.0.js (31)
[0509/142915.174:INFO:CONSOLE(31)] "Uncaught (in promise) NotSupportedError: The element has no supported sources.", source: https://static.pulse.mail.ru/pulse-lenta-1.119.0.js (31)
[0509/142915.295:INFO:CONSOLE(31)] "Uncaught (in promise) NotSupportedError: The element has no supported sources.", source: https://static.pulse.mail.ru/pulse-lenta-1.119.0.js (31)
[0509/142915.371:INFO:CONSOLE(31)] "Uncaught (in promise) NotSupportedError: The element has no supported sources.", source: https://static.pulse.mail.ru/pulse-lenta-1.119.0.js (31)
[0509/142915.466:INFO:CONSOLE(31)] "Uncaught (in promise) NotSupportedError: The element has no supported sources.", source: https://static.pulse.mail.ru/pulse-lenta-1.119.0.js (31)
[0509/142915.638:INFO:CONSOLE(1)] "Uncaught (in promise) NotSupportedError: Failed to load because no supported source was found.", source: https://static.pulse.mail.ru/pulse-lenta-1.119.0.js (1)
[0509/142915.758:INFO:CONSOLE(31)] "Uncaught (in promise) NotSupportedError: The element has no supported sources.", source: https://static.pulse.mail.ru/pulse-lenta-1.119.0.js (31)
[0509/142915.850:INFO:CONSOLE(31)] "Uncaught (in promise) NotSupportedError: The element has no supported sources.", source: https://static.pulse.mail.ru/pulse-lenta-1.119.0.js (31)
[0509/142915.930:INFO:CONSOLE(31)] "Uncaught (in promise) NotSupportedError: The element has no supported sources.", source: https://static.pulse.mail.ru/pulse-lenta-1.119.0.js (31)
[0509/142916.017:INFO:CONSOLE(31)] "Uncaught (in promise) NotSupportedError: The element has no supported sources.", source: https://static.pulse.mail.ru/pulse-lenta-1.119.0.js (31)
[0509/142916.095:INFO:CONSOLE(31)] "Uncaught (in promise) NotSupportedError: The element has no supported sources.", source: https://static.pulse.mail.ru/pulse-lenta-1.119.0.js (31)
[0509/142916.426:INFO:CONSOLE(31)] "Uncaught (in promise) NotSupportedError: The element has no supported sources.", source: https://static.pulse.mail.ru/pulse-lenta-1.119.0.js (31)
[0509/142916.426:INFO:CONSOLE(1)] "Uncaught (in promise) NotSupportedError: Failed to load because no supported source was found.", source: https://static.pulse.mail.ru/pulse-lenta-1.119.0.js (1)
[0509/142916.642:INFO:CONSOLE(1)] "Uncaught (in promise) NotSupportedError: Failed to load because no supported source was found.", source: https://static.pulse.mail.ru/pulse-lenta-1.119.0.js (1)
[0509/142916.760:INFO:CONSOLE(1)] "Uncaught (in promise) NotSupportedError: Failed to load because no supported source was found.", source: https://static.pulse.mail.ru/pulse-lenta-1.119.0.js (1)
[0509/142916.884:INFO:CONSOLE(1)] "Uncaught (in promise) NotSupportedError: Failed to load because no supported source was found.", source: https://static.pulse.mail.ru/pulse-lenta-1.119.0.js (1)
[0509/142916.979:INFO:CONSOLE(1)] "Uncaught (in promise) NotSupportedError: Failed to load because no supported source was found.", source: https://static.pulse.mail.ru/pulse-lenta-1.119.0.js (1)
[0509/142917.079:INFO:CONSOLE(1)] "Uncaught (in promise) NotSupportedError: Failed to load because no supported source was found.", source: https://static.pulse.mail.ru/pulse-lenta-1.119.0.js (1)
[0509/142917.165:INFO:CONSOLE(31)] "Uncaught (in promise) NotSupportedError: The element has no supported sources.", source: https://static.pulse.mail.ru/pulse-lenta-1.119.0.js (31)
[0509/142917.254:INFO:CONSOLE(31)] "Uncaught (in promise) NotSupportedError: The element has no supported sources.", source: https://static.pulse.mail.ru/pulse-lenta-1.119.0.js (31)
[0509/142917.345:INFO:CONSOLE(31)] "Uncaught (in promise) NotSupportedError: The element has no supported sources.", source: https://static.pulse.mail.ru/pulse-lenta-1.119.0.js (31)
[0509/142917.423:INFO:CONSOLE(31)] "Uncaught (in promise) NotSupportedError: The element has no supported sources.", source: https://static.pulse.mail.ru/pulse-lenta-1.119.0.js (31)
[0509/142917.541:INFO:CONSOLE(1)] "Uncaught (in promise) NotSupportedError: Failed to load because no supported source was found.", source: https://static.pulse.mail.ru/pulse-lenta-1.119.0.js (1)
[0509/142917.651:INFO:CONSOLE(31)] "Uncaught (in promise) NotSupportedError: The element has no supported sources.", source: https://static.pulse.mail.ru/pulse-lenta-1.119.0.js (31)
[0509/142917.736:INFO:CONSOLE(31)] "Uncaught (in promise) NotSupportedError: The element has no supported sources.", source: https://static.pulse.mail.ru/pulse-lenta-1.119.0.js (31)
[0509/142917.831:INFO:CONSOLE(31)] "Uncaught (in promise) NotSupportedError: The element has no supported sources.", source: https://static.pulse.mail.ru/pulse-lenta-1.119.0.js (31)
[0509/142917.903:INFO:CONSOLE(31)] "Uncaught (in promise) NotSupportedError: The element has no supported sources.", source: https://static.pulse.mail.ru/pulse-lenta-1.119.0.js (31)
[0509/142917.998:INFO:CONSOLE(31)] "Uncaught (in promise) NotSupportedError: The element has no supported sources.", source: https://static.pulse.mail.ru/pulse-lenta-1.119.0.js (31)
[0509/142918.087:INFO:CONSOLE(31)] "Uncaught (in promise) NotSupportedError: The element has no supported sources.", source: https://static.pulse.mail.ru/pulse-lenta-1.119.0.js (31)
[0509/142918.174:INFO:CONSOLE(31)] "Uncaught (in promise) NotSupportedError: The element has no supported sources.", source: https://static.pulse.mail.ru/pulse-lenta-1.119.0.js (31)
[0509/142918.278:INFO:CONSOLE(31)] "Uncaught (in promise) NotSupportedError: The element has no supported sources.", source: https://static.pulse.mail.ru/pulse-lenta-1.119.0.js (31)
[0509/142918.363:INFO:CONSOLE(31)] "Uncaught (in promise) NotSupportedError: The element has no supported sources.", source: https://static.pulse.mail.ru/pulse-lenta-1.119.0.js (31)
[0509/142918.453:INFO:CONSOLE(31)] "Uncaught (in promise) NotSupportedError: The element has no supported sources.", source: https://static.pulse.mail.ru/pulse-lenta-1.119.0.js (31)
[0509/142918.554:INFO:CONSOLE(1)] "Uncaught (in promise) NotSupportedError: Failed to load because no supported source was found.", source: https://static.pulse.mail.ru/pulse-lenta-1.119.0.js (1)
[0509/142918.652:INFO:CONSOLE(31)] "Uncaught (in promise) NotSupportedError: The element has no supported sources.", source: https://static.pulse.mail.ru/pulse-lenta-1.119.0.js (31)
[0509/142918.756:INFO:CONSOLE(31)] "Uncaught (in promise) NotSupportedError: The element has no supported sources.", source: https://static.pulse.mail.ru/pulse-lenta-1.119.0.js (31)
[0509/142918.840:INFO:CONSOLE(31)] "Uncaught (in promise) NotSupportedError: The element has no supported sources.", source: https://static.pulse.mail.ru/pulse-lenta-1.119.0.js (31)
[0509/142918.928:INFO:CONSOLE(31)] "Uncaught (in promise) NotSupportedError: The element has no supported sources.", source: https://static.pulse.mail.ru/pulse-lenta-1.119.0.js (31)
[0509/142919.039:INFO:CONSOLE(31)] "Uncaught (in promise) NotSupportedError: The element has no supported sources.", source: https://static.pulse.mail.ru/pulse-lenta-1.119.0.js (31)
[0509/142919.158:INFO:CONSOLE(31)] "Uncaught (in promise) NotSupportedError: The element has no supported sources.", source: https://static.pulse.mail.ru/pulse-lenta-1.119.0.js (31)
[0509/142919.250:INFO:CONSOLE(31)] "Uncaught (in promise) NotSupportedError: The element has no supported sources.", source: https://static.pulse.mail.ru/pulse-lenta-1.119.0.js (31)
[0509/142919.342:INFO:CONSOLE(31)] "Uncaught (in promise) NotSupportedError: The element has no supported sources.", source: https://static.pulse.mail.ru/pulse-lenta-1.119.0.js (31)
[0509/142919.422:INFO:CONSOLE(31)] "Uncaught (in promise) NotSupportedError: The element has no supported sources.", source: https://static.pulse.mail.ru/pulse-lenta-1.119.0.js (31)
[0509/142919.509:INFO:CONSOLE(31)] "Uncaught (in promise) NotSupportedError: The element has no supported sources.", source: https://static.pulse.mail.ru/pulse-lenta-1.119.0.js (31)
[0509/142919.594:INFO:CONSOLE(1)] "Uncaught (in promise) NotSupportedError: Failed to load because no supported source was found.", source: https://static.pulse.mail.ru/pulse-lenta-1.119.0.js (1)
[0509/142919.688:INFO:CONSOLE(31)] "Uncaught (in promise) NotSupportedError: The element has no supported sources.", source: https://static.pulse.mail.ru/pulse-lenta-1.119.0.js (31)
[0509/142919.771:INFO:CONSOLE(31)] "Uncaught (in promise) NotSupportedError: The element has no supported sources.", source: https://static.pulse.mail.ru/pulse-lenta-1.119.0.js (31)
[0509/142919.854:INFO:CONSOLE(31)] "Uncaught (in promise) NotSupportedError: The element has no supported sources.", source: https://static.pulse.mail.ru/pulse-lenta-1.119.0.js (31)
[0509/142919.937:INFO:CONSOLE(31)] "Uncaught (in promise) NotSupportedError: The element has no supported sources.", source: https://static.pulse.mail.ru/pulse-lenta-1.119.0.js (31)
[0509/142920.023:INFO:CONSOLE(31)] "Uncaught (in promise) NotSupportedError: The element has no supported sources.", source: https://static.pulse.mail.ru/pulse-lenta-1.119.0.js (31)
[0509/142920.105:INFO:CONSOLE(31)] "Uncaught (in promise) NotSupportedError: The element has no supported sources.", source: https://static.pulse.mail.ru/pulse-lenta-1.119.0.js (31)
[0509/142920.194:INFO:CONSOLE(31)] "Uncaught (in promise) NotSupportedError: The element has no supported sources.", source: https://static.pulse.mail.ru/pulse-lenta-1.119.0.js (31)
[0509/142920.268:INFO:CONSOLE(31)] "Uncaught (in promise) NotSupportedError: The element has no supported sources.", source: https://static.pulse.mail.ru/pulse-lenta-1.119.0.js (31)
[0509/142920.347:INFO:CONSOLE(31)] "Uncaught (in promise) NotSupportedError: The element has no supported sources.", source: https://static.pulse.mail.ru/pulse-lenta-1.119.0.js (31)
[0509/142920.450:INFO:CONSOLE(31)] "Uncaught (in promise) NotSupportedError: The element has no supported sources.", source: https://static.pulse.mail.ru/pulse-lenta-1.119.0.js (31)
[0509/142920.541:INFO:CONSOLE(1)] "Uncaught (in promise) NotSupportedError: Failed to load because no supported source was found.", source: https://static.pulse.mail.ru/pulse-lenta-1.119.0.js (1)
[0509/142920.689:INFO:CONSOLE(31)] "Uncaught (in promise) NotSupportedError: The element has no supported sources.", source: https://static.pulse.mail.ru/pulse-lenta-1.119.0.js (31)
[0509/142920.785:INFO:CONSOLE(31)] "Uncaught (in promise) NotSupportedError: The element has no supported sources.", source: https://static.pulse.mail.ru/pulse-lenta-1.119.0.js (31)
[0509/142920.890:INFO:CONSOLE(31)] "Uncaught (in promise) NotSupportedError: The element has no supported sources.", source: https://static.pulse.mail.ru/pulse-lenta-1.119.0.js (31)
[0509/142920.973:INFO:CONSOLE(31)] "Uncaught (in promise) NotSupportedError: The element has no supported sources.", source: https://static.pulse.mail.ru/pulse-lenta-1.119.0.js (31)
[0509/142921.067:INFO:CONSOLE(31)] "Uncaught (in promise) NotSupportedError: The element has no supported sources.", source: https://static.pulse.mail.ru/pulse-lenta-1.119.0.js (31)
[0509/142921.188:INFO:CONSOLE(31)] "Uncaught (in promise) NotSupportedError: The element has no supported sources.", source: https://static.pulse.mail.ru/pulse-lenta-1.119.0.js (31)
[0509/142921.275:INFO:CONSOLE(31)] "Uncaught (in promise) NotSupportedError: The element has no supported sources.", source: https://static.pulse.mail.ru/pulse-lenta-1.119.0.js (31)
[0509/142921.292:INFO:CONSOLE(31)] "Uncaught (in promise) NotSupportedError: The element has no supported sources.", source: https://static.pulse.mail.ru/pulse-lenta-1.119.0.js (31)
[0509/142921.373:INFO:CONSOLE(31)] "Uncaught (in promise) NotSupportedError: The element has no supported sources.", source: https://static.pulse.mail.ru/pulse-lenta-1.119.0.js (31)
[0509/142921.463:INFO:CONSOLE(31)] "Uncaught (in promise) NotSupportedError: The element has no supported sources.", source: https://static.pulse.mail.ru/pulse-lenta-1.119.0.js (31)
[0509/142921.551:INFO:CONSOLE(1)] "Uncaught (in promise) NotSupportedError: Failed to load because no supported source was found.", source: https://static.pulse.mail.ru/pulse-lenta-1.119.0.js (1)
[0509/142921.638:INFO:CONSOLE(31)] "Uncaught (in promise) NotSupportedError: The element has no supported sources.", source: https://static.pulse.mail.ru/pulse-lenta-1.119.0.js (31)
[0509/142921.748:INFO:CONSOLE(31)] "Uncaught (in promise) NotSupportedError: The element has no supported sources.", source: https://static.pulse.mail.ru/pulse-lenta-1.119.0.js (31)
[0509/142921.842:INFO:CONSOLE(31)] "Uncaught (in promise) NotSupportedError: The element has no supported sources.", source: https://static.pulse.mail.ru/pulse-lenta-1.119.0.js (31)
[0509/142921.940:INFO:CONSOLE(31)] "Uncaught (in promise) NotSupportedError: The element has no supported sources.", source: https://static.pulse.mail.ru/pulse-lenta-1.119.0.js (31)
[0509/142922.026:INFO:CONSOLE(31)] "Uncaught (in promise) NotSupportedError: The element has no supported sources.", source: https://static.pulse.mail.ru/pulse-lenta-1.119.0.js (31)
[0509/142922.125:INFO:CONSOLE(31)] "Uncaught (in promise) NotSupportedError: The element has no supported sources.", source: https://static.pulse.mail.ru/pulse-lenta-1.119.0.js (31)
[0509/142922.239:INFO:CONSOLE(31)] "Uncaught (in promise) NotSupportedError: The element has no supported sources.", source: https://static.pulse.mail.ru/pulse-lenta-1.119.0.js (31)
[0509/142922.329:INFO:CONSOLE(31)] "Uncaught (in promise) NotSupportedError: The element has no supported sources.", source: https://static.pulse.mail.ru/pulse-lenta-1.119.0.js (31)
[0509/142922.417:INFO:CONSOLE(31)] "Uncaught (in promise) NotSupportedError: The element has no supported sources.", source: https://static.pulse.mail.ru/pulse-lenta-1.119.0.js (31)
[0509/142922.582:INFO:CONSOLE(1)] "Uncaught (in promise) NotSupportedError: Failed to load because no supported source was found.", source: https://static.pulse.mail.ru/pulse-lenta-1.119.0.js (1)
[0509/142922.697:INFO:CONSOLE(31)] "Uncaught (in promise) NotSupportedError: The element has no supported sources.", source: https://static.pulse.mail.ru/pulse-lenta-1.119.0.js (31)
[0509/142922.772:INFO:CONSOLE(31)] "Uncaught (in promise) NotSupportedError: The element has no supported sources.", source: https://static.pulse.mail.ru/pulse-lenta-1.119.0.js (31)
[0509/142922.854:INFO:CONSOLE(31)] "Uncaught (in promise) NotSupportedError: The element has no supported sources.", source: https://static.pulse.mail.ru/pulse-lenta-1.119.0.js (31)
[0509/142922.949:INFO:CONSOLE(31)] "Uncaught (in promise) NotSupportedError: The element has no supported sources.", source: https://static.pulse.mail.ru/pulse-lenta-1.119.0.js (31)
[0509/142923.043:INFO:CONSOLE(31)] "Uncaught (in promise) NotSupportedError: The element has no supported sources.", source: https://static.pulse.mail.ru/pulse-lenta-1.119.0.js (31)
[0509/142923.175:INFO:CONSOLE(31)] "Uncaught (in promise) NotSupportedError: The element has no supported sources.", source: https://static.pulse.mail.ru/pulse-lenta-1.119.0.js (31)
[0509/163554.161:INFO:CONSOLE(59)] "Non unique item: , no title, replaced to _1", source: https://yastatic.net/s3/zen-lib/2.927.1/cached-render-morda-desktop/app-external-react.chromium.ru.bundle.js (59)
[0509/163554.162:INFO:CONSOLE(59)] "Non unique item: , no title, replaced to _2", source: https://yastatic.net/s3/zen-lib/2.927.1/cached-render-morda-desktop/app-external-react.chromium.ru.bundle.js (59)
[0509/163554.163:INFO:CONSOLE(59)] "Non unique item: , no title, replaced to _3", source: https://yastatic.net/s3/zen-lib/2.927.1/cached-render-morda-desktop/app-external-react.chromium.ru.bundle.js (59)
[0509/163554.163:INFO:CONSOLE(59)] "Non unique item: , no title, replaced to _4", source: https://yastatic.net/s3/zen-lib/2.927.1/cached-render-morda-desktop/app-external-react.chromium.ru.bundle.js (59)
[0509/163554.164:INFO:CONSOLE(59)] "Non unique item: , no title, replaced to _5", source: https://yastatic.net/s3/zen-lib/2.927.1/cached-render-morda-desktop/app-external-react.chromium.ru.bundle.js (59)
[0509/163554.165:INFO:CONSOLE(59)] "Non unique item: , no title, replaced to _6", source: https://yastatic.net/s3/zen-lib/2.927.1/cached-render-morda-desktop/app-external-react.chromium.ru.bundle.js (59)
[0509/163554.165:INFO:CONSOLE(59)] "Non unique item: , no title, replaced to _7", source: https://yastatic.net/s3/zen-lib/2.927.1/cached-render-morda-desktop/app-external-react.chromium.ru.bundle.js (59)
[0509/163554.165:INFO:CONSOLE(59)] "Non unique item: , no title, replaced to _8", source: https://yastatic.net/s3/zen-lib/2.927.1/cached-render-morda-desktop/app-external-react.chromium.ru.bundle.js (59)
[0509/163554.166:INFO:CONSOLE(59)] "Non unique item: , no title, replaced to _9", source: https://yastatic.net/s3/zen-lib/2.927.1/cached-render-morda-desktop/app-external-react.chromium.ru.bundle.js (59)
[0509/163554.166:INFO:CONSOLE(59)] "Non unique item: , no title, replaced to _10", source: https://yastatic.net/s3/zen-lib/2.927.1/cached-render-morda-desktop/app-external-react.chromium.ru.bundle.js (59)
[0509/163554.167:INFO:CONSOLE(59)] "Non unique item: , no title, replaced to _11", source: https://yastatic.net/s3/zen-lib/2.927.1/cached-render-morda-desktop/app-external-react.chromium.ru.bundle.js (59)
[0509/163554.167:INFO:CONSOLE(59)] "Non unique item: , no title, replaced to _12", source: https://yastatic.net/s3/zen-lib/2.927.1/cached-render-morda-desktop/app-external-react.chromium.ru.bundle.js (59)
[0509/165107.587:INFO:CONSOLE(1)] "[0.009]  common module enabled", source: https://st1-29.vk.com/js/cmodules/bundles/common.c69b44817e4c1a6e80ee.js?1a1231ba89db8b2c47ea (1)
[0509/165115.620:INFO:CONSOLE(1)] "[0.005]  common module enabled", source: https://st1-29.vk.com/js/cmodules/bundles/common.c69b44817e4c1a6e80ee.js?1a1231ba89db8b2c47ea (1)
[0509/165430.210:WARNING:spdy_session.cc(3431)] Received HEADERS for invalid stream 21
[0509/165430.216:INFO:CONSOLE(1)] "Synchronous XMLHttpRequest on the main thread is deprecated because of its detrimental effects to the end user's experience. For more help, check https://xhr.spec.whatwg.org/.", source: https://limg.imgsmail.ru/re/j/d-0e4c238b.js (1)
[0509/182923.629:INFO:CONSOLE(45)] "[Pulse Advert] Cannot initialize advert on detached element", source: https://static.pulse.mail.ru/pulse-lenta-1.119.0.js (45)
[0509/182923.630:INFO:CONSOLE(45)] "[Pulse Advert] Cannot initialize advert on detached element", source: https://static.pulse.mail.ru/pulse-lenta-1.119.0.js (45)
[0509/182923.630:INFO:CONSOLE(45)] "[Pulse Advert] Cannot initialize advert on detached element", source: https://static.pulse.mail.ru/pulse-lenta-1.119.0.js (45)
[0509/182924.136:INFO:CONSOLE(45)] "[Pulse Advert] Cannot initialize advert on detached element", source: https://static.pulse.mail.ru/pulse-lenta-1.119.0.js (45)
[0509/182924.222:INFO:CONSOLE(45)] "[Pulse Advert] Cannot initialize advert on detached element", source: https://static.pulse.mail.ru/pulse-lenta-1.119.0.js (45)
[0509/182927.685:WARNING:spdy_session.cc(3431)] Received HEADERS for invalid stream 21
